[2020-06-19 10:35:28.672] DEBUG Log4jTest.test(Log4jTest.java:13) - 디버그!!MemberVO클래스 [이름은홍길동, 나이는24, 전화번호는=null]
[2020-06-19 10:35:28.672] INFO  Log4jTest.test(Log4jTest.java:14) - 인포!!
[2020-06-19 10:35:28.672] WARN  Log4jTest.test(Log4jTest.java:15) - 워닝!
[2020-06-19 10:35:28.672] ERROR Log4jTest.test(Log4jTest.java:16) - 에러!!
[2020-06-19 10:35:28.672] FATAL Log4jTest.test(Log4jTest.java:17) - 파탈에러!!
[2020-06-19 11:31:00.711] INFO  Log4jTest.test(Log4jTest.java:18) - test라는 매서드를 사용한 PC아이피는 : 
[2020-06-19 11:31:00.711] DEBUG Log4jTest.test(Log4jTest.java:22) - 디버그!!MemberVO클래스 [이름은홍길동, 나이는24, 전화번호는=null]
[2020-06-19 11:31:00.711] INFO  Log4jTest.test(Log4jTest.java:23) - 인포!!
[2020-06-19 11:31:00.711] WARN  Log4jTest.test(Log4jTest.java:24) - 워닝!
[2020-06-19 11:31:00.711] ERROR Log4jTest.test(Log4jTest.java:25) - 에러!!
[2020-06-19 11:31:00.726] FATAL Log4jTest.test(Log4jTest.java:26) - 파탈에러!!
[2020-06-19 11:31:17.200] INFO  Log4jTest.test(Log4jTest.java:18) - test라는 매서드를 사용한 PC아이피는 : 192.168.56.1
[2020-06-19 11:31:17.216] DEBUG Log4jTest.test(Log4jTest.java:22) - 디버그!!MemberVO클래스 [이름은홍길동, 나이는24, 전화번호는=null]
[2020-06-19 11:31:17.216] INFO  Log4jTest.test(Log4jTest.java:23) - 인포!!
[2020-06-19 11:31:17.216] WARN  Log4jTest.test(Log4jTest.java:24) - 워닝!
[2020-06-19 11:31:17.216] ERROR Log4jTest.test(Log4jTest.java:25) - 에러!!
[2020-06-19 11:31:17.216] FATAL Log4jTest.test(Log4jTest.java:26) - 파탈에러!!
[2020-06-19 16:34:24.030] INFO  AbstractTestContextBootstrapper.getDefaultTestExecutionListenerClassNames(AbstractTestContextBootstrapper.java:248) - Loaded default TestExecutionListener class names from location [META-INF/spring.factories]: [org.springframework.test.context.web.ServletTestExecutionListener, org.springframework.test.context.support.DirtiesContextBeforeModesTestExecutionListener, org.springframework.test.context.support.DependencyInjectionTestExecutionListener, org.springframework.test.context.support.DirtiesContextTestExecutionListener, org.springframework.test.context.transaction.TransactionalTestExecutionListener, org.springframework.test.context.jdbc.SqlScriptsTestExecutionListener]
[2020-06-19 16:34:24.061] INFO  AbstractTestContextBootstrapper.getTestExecutionListeners(AbstractTestContextBootstrapper.java:174) - Using TestExecutionListeners: [org.springframework.test.context.web.ServletTestExecutionListener@36d4b5c, org.springframework.test.context.support.DirtiesContextBeforeModesTestExecutionListener@6d00a15d, org.springframework.test.context.support.DependencyInjectionTestExecutionListener@51efea79, org.springframework.test.context.support.DirtiesContextTestExecutionListener@5034c75a, org.springframework.test.context.transaction.TransactionalTestExecutionListener@396a51ab, org.springframework.test.context.jdbc.SqlScriptsTestExecutionListener@51081592]
[2020-06-19 16:34:24.139] INFO  XmlBeanDefinitionReader.loadBeanDefinitions(XmlBeanDefinitionReader.java:317) - Loading XML bean definitions from file [C:\egov\workspace\kwonheekyung\src\main\webapp\WEB-INF\spring\appServlet\servlet-context.xml]
[2020-06-19 16:34:24.903] INFO  XmlBeanDefinitionReader.loadBeanDefinitions(XmlBeanDefinitionReader.java:317) - Loading XML bean definitions from file [C:\egov\workspace\kwonheekyung\src\main\webapp\WEB-INF\spring\root-context.xml]
[2020-06-19 16:34:24.951] INFO  AbstractApplicationContext.prepareRefresh(AbstractApplicationContext.java:583) - Refreshing org.springframework.web.context.support.GenericWebApplicationContext@6500df86: startup date [Fri Jun 19 16:34:24 KST 2020]; root of context hierarchy
[2020-06-19 16:34:25.091] INFO  AutowiredAnnotationBeanPostProcessor.<init>(AutowiredAnnotationBeanPostProcessor.java:155) - JSR-330 'javax.inject.Inject' annotation found and supported for autowiring
[2020-06-19 16:34:25.403] INFO  AbstractHandlerMethodMapping$MappingRegistry.register(AbstractHandlerMethodMapping.java:544) - Mapped "{[/],methods=[GET]}" onto public java.lang.String org.edu.controller.HomeController.home(java.util.Locale,org.springframework.ui.Model)
[2020-06-19 16:34:25.403] INFO  AbstractHandlerMethodMapping$MappingRegistry.register(AbstractHandlerMethodMapping.java:544) - Mapped "{[/sample/work],methods=[GET]}" onto public java.lang.String org.edu.controller.HomeController.work(java.util.Locale,org.springframework.ui.Model)
[2020-06-19 16:34:25.403] INFO  AbstractHandlerMethodMapping$MappingRegistry.register(AbstractHandlerMethodMapping.java:544) - Mapped "{[/sample/slide],methods=[GET]}" onto public java.lang.String org.edu.controller.HomeController.slide(java.util.Locale,org.springframework.ui.Model)
[2020-06-19 16:34:25.403] INFO  AbstractHandlerMethodMapping$MappingRegistry.register(AbstractHandlerMethodMapping.java:544) - Mapped "{[/sample/contactus],methods=[GET]}" onto public java.lang.String org.edu.controller.HomeController.contactus(java.util.Locale,org.springframework.ui.Model)
[2020-06-19 16:34:25.403] INFO  AbstractHandlerMethodMapping$MappingRegistry.register(AbstractHandlerMethodMapping.java:544) - Mapped "{[/sample/weare],methods=[GET]}" onto public java.lang.String org.edu.controller.HomeController.weare(java.util.Locale,org.springframework.ui.Model)
[2020-06-19 16:34:25.403] INFO  AbstractHandlerMethodMapping$MappingRegistry.register(AbstractHandlerMethodMapping.java:544) - Mapped "{[/sample/htmltest],methods=[GET]}" onto public java.lang.String org.edu.controller.HomeController.htmltest(java.util.Locale,org.springframework.ui.Model)
[2020-06-19 16:34:25.403] INFO  AbstractHandlerMethodMapping$MappingRegistry.register(AbstractHandlerMethodMapping.java:544) - Mapped "{[/sample/blog],methods=[GET]}" onto public java.lang.String org.edu.controller.HomeController.blog(java.util.Locale,org.springframework.ui.Model)
[2020-06-19 16:34:25.403] INFO  AbstractHandlerMethodMapping$MappingRegistry.register(AbstractHandlerMethodMapping.java:544) - Mapped "{[/sample/],methods=[GET]}" onto public java.lang.String org.edu.controller.HomeController.sample(java.util.Locale,org.springframework.ui.Model)
[2020-06-19 16:34:25.466] INFO  RequestMappingHandlerAdapter.initControllerAdviceCache(RequestMappingHandlerAdapter.java:556) - Looking for @ControllerAdvice: org.springframework.web.context.support.GenericWebApplicationContext@6500df86: startup date [Fri Jun 19 16:34:24 KST 2020]; root of context hierarchy
[2020-06-19 16:34:25.497] INFO  RequestMappingHandlerAdapter.initControllerAdviceCache(RequestMappingHandlerAdapter.java:556) - Looking for @ControllerAdvice: org.springframework.web.context.support.GenericWebApplicationContext@6500df86: startup date [Fri Jun 19 16:34:24 KST 2020]; root of context hierarchy
[2020-06-19 16:34:25.544] INFO  AbstractUrlHandlerMapping.registerHandler(AbstractUrlHandlerMapping.java:362) - Mapped URL path [/resources/**] onto handler 'org.springframework.web.servlet.resource.ResourceHttpRequestHandler#0'
[2020-06-19 16:34:25.606] INFO  EmbeddedDatabaseFactory.initDatabase(EmbeddedDatabaseFactory.java:185) - Starting embedded database: url='jdbc:hsqldb:mem:dataSource', username='sa'
[2020-06-19 16:34:25.887] INFO  ScriptUtils.executeSqlScript(ScriptUtils.java:443) - Executing SQL script from class path resource [db/edu_hsql.sql]
[2020-06-19 16:34:25.903] INFO  ScriptUtils.executeSqlScript(ScriptUtils.java:509) - Executed SQL script from class path resource [db/edu_hsql.sql] in 16 ms.
[2020-06-19 16:34:27.010] INFO  AbstractApplicationContext.doClose(AbstractApplicationContext.java:984) - Closing org.springframework.web.context.support.GenericWebApplicationContext@6500df86: startup date [Fri Jun 19 16:34:24 KST 2020]; root of context hierarchy
[2020-06-19 16:34:27.010] INFO  EmbeddedDatabaseFactory.shutdownDatabase(EmbeddedDatabaseFactory.java:216) - Shutting down embedded database: url='jdbc:hsqldb:mem:dataSource'
[2020-06-19 17:07:15.340] INFO  AbstractTestContextBootstrapper.getDefaultTestExecutionListenerClassNames(AbstractTestContextBootstrapper.java:248) - Loaded default TestExecutionListener class names from location [META-INF/spring.factories]: [org.springframework.test.context.web.ServletTestExecutionListener, org.springframework.test.context.support.DirtiesContextBeforeModesTestExecutionListener, org.springframework.test.context.support.DependencyInjectionTestExecutionListener, org.springframework.test.context.support.DirtiesContextTestExecutionListener, org.springframework.test.context.transaction.TransactionalTestExecutionListener, org.springframework.test.context.jdbc.SqlScriptsTestExecutionListener]
[2020-06-19 17:07:15.360] INFO  AbstractTestContextBootstrapper.getTestExecutionListeners(AbstractTestContextBootstrapper.java:174) - Using TestExecutionListeners: [org.springframework.test.context.web.ServletTestExecutionListener@7f9a81e8, org.springframework.test.context.support.DirtiesContextBeforeModesTestExecutionListener@9629756, org.springframework.test.context.support.DependencyInjectionTestExecutionListener@62ee68d8, org.springframework.test.context.support.DirtiesContextTestExecutionListener@735b5592, org.springframework.test.context.transaction.TransactionalTestExecutionListener@58651fd0, org.springframework.test.context.jdbc.SqlScriptsTestExecutionListener@4520ebad]
[2020-06-19 17:07:15.501] INFO  XmlBeanDefinitionReader.loadBeanDefinitions(XmlBeanDefinitionReader.java:317) - Loading XML bean definitions from file [C:\egov\workspace\kwonheekyung\src\main\webapp\WEB-INF\spring\appServlet\servlet-context.xml]
[2020-06-19 17:07:16.483] INFO  XmlBeanDefinitionReader.loadBeanDefinitions(XmlBeanDefinitionReader.java:317) - Loading XML bean definitions from file [C:\egov\workspace\kwonheekyung\src\main\webapp\WEB-INF\spring\root-context.xml]
[2020-06-19 17:07:16.532] INFO  DefaultListableBeanFactory.registerBeanDefinition(DefaultListableBeanFactory.java:826) - Overriding bean definition for bean 'dataSource' with a different definition: replacing [Root bean: class [org.springframework.jdbc.datasource.embedded.EmbeddedDatabaseFactoryBean]; scope=; abstract=false; lazyInit=false; autowireMode=0; dependencyCheck=0; autowireCandidate=true; primary=false; factoryBeanName=null; factoryMethodName=null; initMethodName=null; destroyMethodName=null] with [Generic bean: class [org.springframework.jdbc.datasource.DriverManagerDataSource]; scope=; abstract=false; lazyInit=false; autowireMode=0; dependencyCheck=0; autowireCandidate=true; primary=false; factoryBeanName=null; factoryMethodName=null; initMethodName=null; destroyMethodName=null; defined in file [C:\egov\workspace\kwonheekyung\src\main\webapp\WEB-INF\spring\root-context.xml]]
[2020-06-19 17:07:16.540] INFO  AbstractApplicationContext.prepareRefresh(AbstractApplicationContext.java:583) - Refreshing org.springframework.web.context.support.GenericWebApplicationContext@73ad2d6: startup date [Fri Jun 19 17:07:16 KST 2020]; root of context hierarchy
[2020-06-19 17:07:16.676] INFO  AutowiredAnnotationBeanPostProcessor.<init>(AutowiredAnnotationBeanPostProcessor.java:155) - JSR-330 'javax.inject.Inject' annotation found and supported for autowiring
[2020-06-19 17:07:17.054] INFO  AbstractHandlerMethodMapping$MappingRegistry.register(AbstractHandlerMethodMapping.java:544) - Mapped "{[/],methods=[GET]}" onto public java.lang.String org.edu.controller.HomeController.home(java.util.Locale,org.springframework.ui.Model)
[2020-06-19 17:07:17.056] INFO  AbstractHandlerMethodMapping$MappingRegistry.register(AbstractHandlerMethodMapping.java:544) - Mapped "{[/sample/work],methods=[GET]}" onto public java.lang.String org.edu.controller.HomeController.work(java.util.Locale,org.springframework.ui.Model)
[2020-06-19 17:07:17.057] INFO  AbstractHandlerMethodMapping$MappingRegistry.register(AbstractHandlerMethodMapping.java:544) - Mapped "{[/sample/slide],methods=[GET]}" onto public java.lang.String org.edu.controller.HomeController.slide(java.util.Locale,org.springframework.ui.Model)
[2020-06-19 17:07:17.058] INFO  AbstractHandlerMethodMapping$MappingRegistry.register(AbstractHandlerMethodMapping.java:544) - Mapped "{[/sample/contactus],methods=[GET]}" onto public java.lang.String org.edu.controller.HomeController.contactus(java.util.Locale,org.springframework.ui.Model)
[2020-06-19 17:07:17.059] INFO  AbstractHandlerMethodMapping$MappingRegistry.register(AbstractHandlerMethodMapping.java:544) - Mapped "{[/sample/weare],methods=[GET]}" onto public java.lang.String org.edu.controller.HomeController.weare(java.util.Locale,org.springframework.ui.Model)
[2020-06-19 17:07:17.061] INFO  AbstractHandlerMethodMapping$MappingRegistry.register(AbstractHandlerMethodMapping.java:544) - Mapped "{[/sample/htmltest],methods=[GET]}" onto public java.lang.String org.edu.controller.HomeController.htmltest(java.util.Locale,org.springframework.ui.Model)
[2020-06-19 17:07:17.062] INFO  AbstractHandlerMethodMapping$MappingRegistry.register(AbstractHandlerMethodMapping.java:544) - Mapped "{[/sample/blog],methods=[GET]}" onto public java.lang.String org.edu.controller.HomeController.blog(java.util.Locale,org.springframework.ui.Model)
[2020-06-19 17:07:17.062] INFO  AbstractHandlerMethodMapping$MappingRegistry.register(AbstractHandlerMethodMapping.java:544) - Mapped "{[/sample/],methods=[GET]}" onto public java.lang.String org.edu.controller.HomeController.sample(java.util.Locale,org.springframework.ui.Model)
[2020-06-19 17:07:17.134] INFO  RequestMappingHandlerAdapter.initControllerAdviceCache(RequestMappingHandlerAdapter.java:556) - Looking for @ControllerAdvice: org.springframework.web.context.support.GenericWebApplicationContext@73ad2d6: startup date [Fri Jun 19 17:07:16 KST 2020]; root of context hierarchy
[2020-06-19 17:07:17.177] INFO  RequestMappingHandlerAdapter.initControllerAdviceCache(RequestMappingHandlerAdapter.java:556) - Looking for @ControllerAdvice: org.springframework.web.context.support.GenericWebApplicationContext@73ad2d6: startup date [Fri Jun 19 17:07:16 KST 2020]; root of context hierarchy
[2020-06-19 17:07:17.232] INFO  AbstractUrlHandlerMapping.registerHandler(AbstractUrlHandlerMapping.java:362) - Mapped URL path [/resources/**] onto handler 'org.springframework.web.servlet.resource.ResourceHttpRequestHandler#0'
[2020-06-19 17:07:17.271] INFO  DriverManagerDataSource.setDriverClassName(DriverManagerDataSource.java:133) - Loaded JDBC driver: com.mysql.jdbc.Driver
[2020-06-19 17:07:19.077] INFO  AbstractApplicationContext.doClose(AbstractApplicationContext.java:984) - Closing org.springframework.web.context.support.GenericWebApplicationContext@73ad2d6: startup date [Fri Jun 19 17:07:16 KST 2020]; root of context hierarchy
[2020-06-19 17:09:27.455] INFO  AbstractTestContextBootstrapper.getDefaultTestExecutionListenerClassNames(AbstractTestContextBootstrapper.java:248) - Loaded default TestExecutionListener class names from location [META-INF/spring.factories]: [org.springframework.test.context.web.ServletTestExecutionListener, org.springframework.test.context.support.DirtiesContextBeforeModesTestExecutionListener, org.springframework.test.context.support.DependencyInjectionTestExecutionListener, org.springframework.test.context.support.DirtiesContextTestExecutionListener, org.springframework.test.context.transaction.TransactionalTestExecutionListener, org.springframework.test.context.jdbc.SqlScriptsTestExecutionListener]
[2020-06-19 17:09:27.471] INFO  AbstractTestContextBootstrapper.getTestExecutionListeners(AbstractTestContextBootstrapper.java:174) - Using TestExecutionListeners: [org.springframework.test.context.web.ServletTestExecutionListener@7f9a81e8, org.springframework.test.context.support.DirtiesContextBeforeModesTestExecutionListener@9629756, org.springframework.test.context.support.DependencyInjectionTestExecutionListener@62ee68d8, org.springframework.test.context.support.DirtiesContextTestExecutionListener@735b5592, org.springframework.test.context.transaction.TransactionalTestExecutionListener@58651fd0, org.springframework.test.context.jdbc.SqlScriptsTestExecutionListener@4520ebad]
[2020-06-19 17:09:27.565] INFO  XmlBeanDefinitionReader.loadBeanDefinitions(XmlBeanDefinitionReader.java:317) - Loading XML bean definitions from file [C:\egov\workspace\kwonheekyung\src\main\webapp\WEB-INF\spring\appServlet\servlet-context.xml]
[2020-06-19 17:09:28.282] INFO  XmlBeanDefinitionReader.loadBeanDefinitions(XmlBeanDefinitionReader.java:317) - Loading XML bean definitions from file [C:\egov\workspace\kwonheekyung\src\main\webapp\WEB-INF\spring\root-context.xml]
[2020-06-19 17:09:28.329] INFO  DefaultListableBeanFactory.registerBeanDefinition(DefaultListableBeanFactory.java:826) - Overriding bean definition for bean 'dataSource' with a different definition: replacing [Root bean: class [org.springframework.jdbc.datasource.embedded.EmbeddedDatabaseFactoryBean]; scope=; abstract=false; lazyInit=false; autowireMode=0; dependencyCheck=0; autowireCandidate=true; primary=false; factoryBeanName=null; factoryMethodName=null; initMethodName=null; destroyMethodName=null] with [Generic bean: class [org.springframework.jdbc.datasource.DriverManagerDataSource]; scope=; abstract=false; lazyInit=false; autowireMode=0; dependencyCheck=0; autowireCandidate=true; primary=false; factoryBeanName=null; factoryMethodName=null; initMethodName=null; destroyMethodName=null; defined in file [C:\egov\workspace\kwonheekyung\src\main\webapp\WEB-INF\spring\root-context.xml]]
[2020-06-19 17:09:28.329] INFO  AbstractApplicationContext.prepareRefresh(AbstractApplicationContext.java:583) - Refreshing org.springframework.web.context.support.GenericWebApplicationContext@73ad2d6: startup date [Fri Jun 19 17:09:28 KST 2020]; root of context hierarchy
[2020-06-19 17:09:28.466] INFO  AutowiredAnnotationBeanPostProcessor.<init>(AutowiredAnnotationBeanPostProcessor.java:155) - JSR-330 'javax.inject.Inject' annotation found and supported for autowiring
[2020-06-19 17:09:28.789] INFO  AbstractHandlerMethodMapping$MappingRegistry.register(AbstractHandlerMethodMapping.java:544) - Mapped "{[/],methods=[GET]}" onto public java.lang.String org.edu.controller.HomeController.home(java.util.Locale,org.springframework.ui.Model)
[2020-06-19 17:09:28.791] INFO  AbstractHandlerMethodMapping$MappingRegistry.register(AbstractHandlerMethodMapping.java:544) - Mapped "{[/sample/work],methods=[GET]}" onto public java.lang.String org.edu.controller.HomeController.work(java.util.Locale,org.springframework.ui.Model)
[2020-06-19 17:09:28.791] INFO  AbstractHandlerMethodMapping$MappingRegistry.register(AbstractHandlerMethodMapping.java:544) - Mapped "{[/sample/slide],methods=[GET]}" onto public java.lang.String org.edu.controller.HomeController.slide(java.util.Locale,org.springframework.ui.Model)
[2020-06-19 17:09:28.792] INFO  AbstractHandlerMethodMapping$MappingRegistry.register(AbstractHandlerMethodMapping.java:544) - Mapped "{[/sample/contactus],methods=[GET]}" onto public java.lang.String org.edu.controller.HomeController.contactus(java.util.Locale,org.springframework.ui.Model)
[2020-06-19 17:09:28.793] INFO  AbstractHandlerMethodMapping$MappingRegistry.register(AbstractHandlerMethodMapping.java:544) - Mapped "{[/sample/weare],methods=[GET]}" onto public java.lang.String org.edu.controller.HomeController.weare(java.util.Locale,org.springframework.ui.Model)
[2020-06-19 17:09:28.794] INFO  AbstractHandlerMethodMapping$MappingRegistry.register(AbstractHandlerMethodMapping.java:544) - Mapped "{[/sample/htmltest],methods=[GET]}" onto public java.lang.String org.edu.controller.HomeController.htmltest(java.util.Locale,org.springframework.ui.Model)
[2020-06-19 17:09:28.795] INFO  AbstractHandlerMethodMapping$MappingRegistry.register(AbstractHandlerMethodMapping.java:544) - Mapped "{[/sample/blog],methods=[GET]}" onto public java.lang.String org.edu.controller.HomeController.blog(java.util.Locale,org.springframework.ui.Model)
[2020-06-19 17:09:28.796] INFO  AbstractHandlerMethodMapping$MappingRegistry.register(AbstractHandlerMethodMapping.java:544) - Mapped "{[/sample/],methods=[GET]}" onto public java.lang.String org.edu.controller.HomeController.sample(java.util.Locale,org.springframework.ui.Model)
[2020-06-19 17:09:28.854] INFO  RequestMappingHandlerAdapter.initControllerAdviceCache(RequestMappingHandlerAdapter.java:556) - Looking for @ControllerAdvice: org.springframework.web.context.support.GenericWebApplicationContext@73ad2d6: startup date [Fri Jun 19 17:09:28 KST 2020]; root of context hierarchy
[2020-06-19 17:09:28.892] INFO  RequestMappingHandlerAdapter.initControllerAdviceCache(RequestMappingHandlerAdapter.java:556) - Looking for @ControllerAdvice: org.springframework.web.context.support.GenericWebApplicationContext@73ad2d6: startup date [Fri Jun 19 17:09:28 KST 2020]; root of context hierarchy
[2020-06-19 17:09:28.938] INFO  AbstractUrlHandlerMapping.registerHandler(AbstractUrlHandlerMapping.java:362) - Mapped URL path [/resources/**] onto handler 'org.springframework.web.servlet.resource.ResourceHttpRequestHandler#0'
[2020-06-19 17:09:28.974] WARN  AbstractApplicationContext.refresh(AbstractApplicationContext.java:551) - Exception encountered during context initialization - cancelling refresh attempt: org.springframework.beans.factory.BeanCreationException: Error creating bean with name 'dataSource' defined in file [C:\egov\workspace\kwonheekyung\src\main\webapp\WEB-INF\spring\root-context.xml]: Error setting property values; nested exception is org.springframework.beans.PropertyBatchUpdateException; nested PropertyAccessExceptions (1) are:
PropertyAccessException 1: org.springframework.beans.MethodInvocationException: Property 'driverClassName' threw exception; nested exception is java.lang.NoClassDefFoundError: Unable to find Log4j2 as default logging library. Please provide a logging library and configure a valid spyLogDelegator name in the properties file.
[2020-06-19 17:09:28.976] ERROR TestContextManager.prepareTestInstance(TestContextManager.java:234) - Caught exception while allowing TestExecutionListener [org.springframework.test.context.web.ServletTestExecutionListener@7f9a81e8] to prepare test instance [org.edu.test.DataSourceTest@1130520d]
java.lang.IllegalStateException: Failed to load ApplicationContext
	at org.springframework.test.context.cache.DefaultCacheAwareContextLoaderDelegate.loadContext(DefaultCacheAwareContextLoaderDelegate.java:124)
	at org.springframework.test.context.support.DefaultTestContext.getApplicationContext(DefaultTestContext.java:83)
	at org.springframework.test.context.web.ServletTestExecutionListener.setUpRequestContextIfNecessary(ServletTestExecutionListener.java:189)
	at org.springframework.test.context.web.ServletTestExecutionListener.prepareTestInstance(ServletTestExecutionListener.java:131)
	at org.springframework.test.context.TestContextManager.prepareTestInstance(TestContextManager.java:230)
	at org.springframework.test.context.junit4.SpringJUnit4ClassRunner.createTest(SpringJUnit4ClassRunner.java:228)
	at org.springframework.test.context.junit4.SpringJUnit4ClassRunner$1.runReflectiveCall(SpringJUnit4ClassRunner.java:287)
	at org.junit.internal.runners.model.ReflectiveCallable.run(ReflectiveCallable.java:12)
	at org.springframework.test.context.junit4.SpringJUnit4ClassRunner.methodBlock(SpringJUnit4ClassRunner.java:289)
	at org.springframework.test.context.junit4.SpringJUnit4ClassRunner.runChild(SpringJUnit4ClassRunner.java:247)
	at org.springframework.test.context.junit4.SpringJUnit4ClassRunner.runChild(SpringJUnit4ClassRunner.java:94)
	at org.junit.runners.ParentRunner$3.run(ParentRunner.java:290)
	at org.junit.runners.ParentRunner$1.schedule(ParentRunner.java:71)
	at org.junit.runners.ParentRunner.runChildren(ParentRunner.java:288)
	at org.junit.runners.ParentRunner.access$000(ParentRunner.java:58)
	at org.junit.runners.ParentRunner$2.evaluate(ParentRunner.java:268)
	at org.springframework.test.context.junit4.statements.RunBeforeTestClassCallbacks.evaluate(RunBeforeTestClassCallbacks.java:61)
	at org.springframework.test.context.junit4.statements.RunAfterTestClassCallbacks.evaluate(RunAfterTestClassCallbacks.java:70)
	at org.junit.runners.ParentRunner.run(ParentRunner.java:363)
	at org.springframework.test.context.junit4.SpringJUnit4ClassRunner.run(SpringJUnit4ClassRunner.java:191)
	at org.eclipse.jdt.internal.junit4.runner.JUnit4TestReference.run(JUnit4TestReference.java:86)
	at org.eclipse.jdt.internal.junit.runner.TestExecution.run(TestExecution.java:38)
	at org.eclipse.jdt.internal.junit.runner.RemoteTestRunner.runTests(RemoteTestRunner.java:538)
	at org.eclipse.jdt.internal.junit.runner.RemoteTestRunner.runTests(RemoteTestRunner.java:760)
	at org.eclipse.jdt.internal.junit.runner.RemoteTestRunner.run(RemoteTestRunner.java:460)
	at org.eclipse.jdt.internal.junit.runner.RemoteTestRunner.main(RemoteTestRunner.java:206)
Caused by: org.springframework.beans.factory.BeanCreationException: Error creating bean with name 'dataSource' defined in file [C:\egov\workspace\kwonheekyung\src\main\webapp\WEB-INF\spring\root-context.xml]: Error setting property values; nested exception is org.springframework.beans.PropertyBatchUpdateException; nested PropertyAccessExceptions (1) are:
PropertyAccessException 1: org.springframework.beans.MethodInvocationException: Property 'driverClassName' threw exception; nested exception is java.lang.NoClassDefFoundError: Unable to find Log4j2 as default logging library. Please provide a logging library and configure a valid spyLogDelegator name in the properties file.
	at org.springframework.beans.factory.support.AbstractAutowireCapableBeanFactory.applyPropertyValues(AbstractAutowireCapableBeanFactory.java:1571)
	at org.springframework.beans.factory.support.AbstractAutowireCapableBeanFactory.populateBean(AbstractAutowireCapableBeanFactory.java:1281)
	at org.springframework.beans.factory.support.AbstractAutowireCapableBeanFactory.doCreateBean(AbstractAutowireCapableBeanFactory.java:551)
	at org.springframework.beans.factory.support.AbstractAutowireCapableBeanFactory.createBean(AbstractAutowireCapableBeanFactory.java:481)
	at org.springframework.beans.factory.support.AbstractBeanFactory$1.getObject(AbstractBeanFactory.java:312)
	at org.springframework.beans.factory.support.DefaultSingletonBeanRegistry.getSingleton(DefaultSingletonBeanRegistry.java:230)
	at org.springframework.beans.factory.support.AbstractBeanFactory.doGetBean(AbstractBeanFactory.java:308)
	at org.springframework.beans.factory.support.AbstractBeanFactory.getBean(AbstractBeanFactory.java:197)
	at org.springframework.beans.factory.support.DefaultListableBeanFactory.preInstantiateSingletons(DefaultListableBeanFactory.java:761)
	at org.springframework.context.support.AbstractApplicationContext.finishBeanFactoryInitialization(AbstractApplicationContext.java:867)
	at org.springframework.context.support.AbstractApplicationContext.refresh(AbstractApplicationContext.java:543)
	at org.springframework.test.context.web.AbstractGenericWebContextLoader.loadContext(AbstractGenericWebContextLoader.java:130)
	at org.springframework.test.context.web.AbstractGenericWebContextLoader.loadContext(AbstractGenericWebContextLoader.java:61)
	at org.springframework.test.context.support.AbstractDelegatingSmartContextLoader.delegateLoading(AbstractDelegatingSmartContextLoader.java:281)
	at org.springframework.test.context.support.AbstractDelegatingSmartContextLoader.loadContext(AbstractDelegatingSmartContextLoader.java:249)
	at org.springframework.test.context.cache.DefaultCacheAwareContextLoaderDelegate.loadContextInternal(DefaultCacheAwareContextLoaderDelegate.java:98)
	at org.springframework.test.context.cache.DefaultCacheAwareContextLoaderDelegate.loadContext(DefaultCacheAwareContextLoaderDelegate.java:116)
	... 25 more
Caused by: org.springframework.beans.PropertyBatchUpdateException; nested PropertyAccessExceptions (1) are:
PropertyAccessException 1: org.springframework.beans.MethodInvocationException: Property 'driverClassName' threw exception; nested exception is java.lang.NoClassDefFoundError: Unable to find Log4j2 as default logging library. Please provide a logging library and configure a valid spyLogDelegator name in the properties file.
	at org.springframework.beans.AbstractPropertyAccessor.setPropertyValues(AbstractPropertyAccessor.java:121)
	at org.springframework.beans.AbstractPropertyAccessor.setPropertyValues(AbstractPropertyAccessor.java:75)
	at org.springframework.beans.factory.support.AbstractAutowireCapableBeanFactory.applyPropertyValues(AbstractAutowireCapableBeanFactory.java:1567)
	... 41 more
